
-------------------------------------------------------------------------------
Parsing project file - C:\Users\Jethro\Desktop\jethros_flavor_pile\project.xml
Mod Data Directory = c:/Users/Jethro/Desktop/jethros_flavor_pile/

-------------------------------------------------------------------------------
Processing Map Files files...

-------------------------------------------------------------------------------
Searching for preview icon file c:/Users/Jethro/Desktop/jethros_flavor_pile/preview_icon.png...FOUND!
<UploadMode> - Set to direct_upload


-------------------------------------------------------------------------------
Modded files...

campaign/town/buildings/nomad_wagon/com.nomad_wagon.building.json
panels/icons_equip/trinket/inv_trinket+slow_regret.png
shared/buffs/jethro.buffs.json
trinkets/jethro.entries.trinkets.json
trinkets/special_com.entries.trinkets.json
modfiles.txt
preview_icon.png
project.xml

Submitting.....................................................Submitted.
Saving project file C:\Users\Jethro\Desktop\jethros_flavor_pile\project.xml

